{"name": "Create Account - Registration Error -- @1.1 ", "status": "failed", "statusDetails": {"message": "AssertionError: True\n", "trace": "  File \"C:\\Users\\Choi\\.virtualenvs\\Playwright_Test\\lib\\site-packages\\behave\\model.py\", line 1329, in run\n    match.run(runner.context)\n  File \"C:\\Users\\Choi\\.virtualenvs\\Playwright_Test\\lib\\site-packages\\behave\\matchers.py\", line 98, in run\n    self.func(context, *args, **kwargs)\n  File \"feature_list\\features\\steps\\ats_login_steps.py\", line 105, in verifyErrorMessage\n    assert expected_error == error_message, True\n"}, "steps": [{"name": "Given Launch chrome browser", "status": "passed", "start": 1700551487242, "stop": 1700551487785}, {"name": "When Open ATS homepage", "status": "passed", "start": 1700551487785, "stop": 1700551493631}, {"name": "Then Click ACCOUNT button", "status": "passed", "start": 1700551493632, "stop": 1700551493766}, {"name": "And Select Login", "status": "passed", "start": 1700551493766, "stop": 1700551494123}, {"name": "And Click on Continue button", "status": "passed", "start": 1700551494123, "stop": 1700551495216}, {"name": "And Enter Personal Details \"saetbyeol\", \"choi\", \"sbyeol0520@gmail.com\"", "status": "passed", "start": 1700551495216, "stop": 1700551496176}, {"name": "And Enter Address \"50jones\", \"San Francisco\", \"California\", \"94102\", \"United States\"", "status": "passed", "start": 1700551496177, "stop": 1700551496627}, {"name": "And Enter Login Details \"saetbyeol\", \"asd123\", \"asd123\"", "status": "passed", "start": 1700551496628, "stop": 1700551496895}, {"name": "And Check on policy", "status": "passed", "start": 1700551496895, "stop": 1700551497036}, {"name": "And Submit the registration form", "status": "passed", "start": 1700551497037, "stop": 1700551497557}, {"name": "Then Verify registration error message", "status": "failed", "statusDetails": {"message": "AssertionError: True\n", "trace": "  File \"C:\\Users\\Choi\\.virtualenvs\\Playwright_Test\\lib\\site-packages\\behave\\model.py\", line 1329, in run\n    match.run(runner.context)\n  File \"C:\\Users\\Choi\\.virtualenvs\\Playwright_Test\\lib\\site-packages\\behave\\matchers.py\", line 98, in run\n    self.func(context, *args, **kwargs)\n  File \"feature_list\\features\\steps\\ats_login_steps.py\", line 105, in verifyErrorMessage\n    assert expected_error == error_message, True\n"}, "start": 1700551497557, "stop": 1700551498075}, {"name": "And Close the browser", "status": "skipped", "start": 1700551498076, "stop": 1700551498076}], "parameters": [{"name": "firstname", "value": "saetbyeol"}, {"name": "lastname", "value": "choi"}, {"name": "email", "value": "sbyeol0520@gmail.com"}, {"name": "address1", "value": "50jones"}, {"name": "city", "value": "San Francisco"}, {"name": "state", "value": "California"}, {"name": "zipcode", "value": "94102"}, {"name": "country", "value": "United States"}, {"name": "loginname", "value": "saetbyeol"}, {"name": "password", "value": "asd123"}, {"name": "pwdconfirm", "value": "asd123"}], "start": 1700551487240, "stop": 1700551498076, "uuid": "e69b87ff-18d6-4303-9539-3147ea472c42", "historyId": "df646a39d2deaa59f4cc2b8ca03dbff2", "fullName": "ATS Register Account: Create Account - Registration Error", "labels": [{"name": "severity", "value": "normal"}, {"name": "feature", "value": "ATS Register Account"}, {"name": "framework", "value": "behave"}, {"name": "language", "value": "cpython3"}]}